{"message":"::1 - - [19/Apr/2021:10:19:50 +0000] \"OPTIONS /api/admin/auth HTTP/1.1\" 204 0 \"http://localhost:3000/\" \"Mozilla/5.0 (Windows NT 10.0; Win64; x64) AppleWebKit/537.36 (KHTML, like Gecko) Chrome/89.0.4389.128 Safari/537.36\"\n","level":"info"}
{"message":"::1 - - [19/Apr/2021:10:19:50 +0000] \"POST /api/admin/auth HTTP/1.1\" 200 195 \"http://localhost:3000/\" \"Mozilla/5.0 (Windows NT 10.0; Win64; x64) AppleWebKit/537.36 (KHTML, like Gecko) Chrome/89.0.4389.128 Safari/537.36\"\n","level":"info"}
{"message":"::1 - - [19/Apr/2021:10:19:59 +0000] \"GET /api/about HTTP/1.1\" 200 2 \"http://localhost:3000/\" \"Mozilla/5.0 (Windows NT 10.0; Win64; x64) AppleWebKit/537.36 (KHTML, like Gecko) Chrome/89.0.4389.128 Safari/537.36\"\n","level":"info"}
{"message":"::1 - - [19/Apr/2021:10:20:05 +0000] \"OPTIONS /api/about HTTP/1.1\" 204 0 \"http://localhost:3000/\" \"Mozilla/5.0 (Windows NT 10.0; Win64; x64) AppleWebKit/537.36 (KHTML, like Gecko) Chrome/89.0.4389.128 Safari/537.36\"\n","level":"info"}
{"message":"::1 - - [19/Apr/2021:10:20:05 +0000] \"POST /api/about HTTP/1.1\" 200 173 \"http://localhost:3000/\" \"Mozilla/5.0 (Windows NT 10.0; Win64; x64) AppleWebKit/537.36 (KHTML, like Gecko) Chrome/89.0.4389.128 Safari/537.36\"\n","level":"info"}
{"message":"::1 - - [19/Apr/2021:10:20:05 +0000] \"GET /api/about HTTP/1.1\" 200 175 \"http://localhost:3000/\" \"Mozilla/5.0 (Windows NT 10.0; Win64; x64) AppleWebKit/537.36 (KHTML, like Gecko) Chrome/89.0.4389.128 Safari/537.36\"\n","level":"info"}
{"message":"::1 - - [19/Apr/2021:10:22:03 +0000] \"GET /api/about HTTP/1.1\" 304 - \"http://localhost:3000/\" \"Mozilla/5.0 (Windows NT 10.0; Win64; x64) AppleWebKit/537.36 (KHTML, like Gecko) Chrome/89.0.4389.128 Safari/537.36\"\n","level":"info"}
{"message":"::1 - - [19/Apr/2021:10:22:13 +0000] \"OPTIONS /api/about HTTP/1.1\" 204 0 \"http://localhost:3000/\" \"Mozilla/5.0 (Linux; Android 6.0; Nexus 5 Build/MRA58N) AppleWebKit/537.36 (KHTML, like Gecko) Chrome/89.0.4389.128 Mobile Safari/537.36\"\n","level":"info"}
{"message":"::1 - - [19/Apr/2021:10:22:13 +0000] \"POST /api/about HTTP/1.1\" 200 176 \"http://localhost:3000/\" \"Mozilla/5.0 (Linux; Android 6.0; Nexus 5 Build/MRA58N) AppleWebKit/537.36 (KHTML, like Gecko) Chrome/89.0.4389.128 Mobile Safari/537.36\"\n","level":"info"}
{"message":"::1 - - [19/Apr/2021:10:22:13 +0000] \"GET /api/about HTTP/1.1\" 200 352 \"http://localhost:3000/\" \"Mozilla/5.0 (Linux; Android 6.0; Nexus 5 Build/MRA58N) AppleWebKit/537.36 (KHTML, like Gecko) Chrome/89.0.4389.128 Mobile Safari/537.36\"\n","level":"info"}
{"message":"::1 - - [19/Apr/2021:10:22:30 +0000] \"GET /api/carousel HTTP/1.1\" 200 2 \"http://localhost:3000/\" \"Mozilla/5.0 (Windows NT 10.0; Win64; x64) AppleWebKit/537.36 (KHTML, like Gecko) Chrome/89.0.4389.128 Safari/537.36\"\n","level":"info"}
{"message":"::1 - - [19/Apr/2021:10:22:48 +0000] \"OPTIONS /api/proglang HTTP/1.1\" 204 0 \"http://localhost:3000/\" \"Mozilla/5.0 (Windows NT 10.0; Win64; x64) AppleWebKit/537.36 (KHTML, like Gecko) Chrome/89.0.4389.128 Safari/537.36\"\n","level":"info"}
{"message":"::1 - - [19/Apr/2021:10:22:48 +0000] \"POST /api/proglang HTTP/1.1\" 200 184 \"http://localhost:3000/\" \"Mozilla/5.0 (Windows NT 10.0; Win64; x64) AppleWebKit/537.36 (KHTML, like Gecko) Chrome/89.0.4389.128 Safari/537.36\"\n","level":"info"}
{"message":"::1 - - [19/Apr/2021:10:26:08 +0000] \"GET /api/proglang HTTP/1.1\" 200 186 \"http://localhost:3000/\" \"Mozilla/5.0 (Windows NT 10.0; Win64; x64) AppleWebKit/537.36 (KHTML, like Gecko) Chrome/89.0.4389.128 Safari/537.36\"\n","level":"info"}
{"message":"::1 - - [19/Apr/2021:10:26:45 +0000] \"GET /api/aforizm HTTP/1.1\" 200 2 \"http://localhost:3000/\" \"Mozilla/5.0 (Windows NT 10.0; Win64; x64) AppleWebKit/537.36 (KHTML, like Gecko) Chrome/89.0.4389.128 Safari/537.36\"\n","level":"info"}
{"message":"::1 - - [19/Apr/2021:10:26:53 +0000] \"OPTIONS /api/aforizm HTTP/1.1\" 204 0 \"http://localhost:3000/\" \"Mozilla/5.0 (Windows NT 10.0; Win64; x64) AppleWebKit/537.36 (KHTML, like Gecko) Chrome/89.0.4389.128 Safari/537.36\"\n","level":"info"}
{"message":"::1 - - [19/Apr/2021:10:26:53 +0000] \"POST /api/aforizm HTTP/1.1\" 200 177 \"http://localhost:3000/\" \"Mozilla/5.0 (Windows NT 10.0; Win64; x64) AppleWebKit/537.36 (KHTML, like Gecko) Chrome/89.0.4389.128 Safari/537.36\"\n","level":"info"}
{"message":"::1 - - [19/Apr/2021:10:26:53 +0000] \"GET /api/aforizm HTTP/1.1\" 200 179 \"http://localhost:3000/\" \"Mozilla/5.0 (Windows NT 10.0; Win64; x64) AppleWebKit/537.36 (KHTML, like Gecko) Chrome/89.0.4389.128 Safari/537.36\"\n","level":"info"}
{"message":"::1 - - [19/Apr/2021:10:27:16 +0000] \"GET /api/staff HTTP/1.1\" 200 2 \"http://localhost:3000/\" \"Mozilla/5.0 (Windows NT 10.0; Win64; x64) AppleWebKit/537.36 (KHTML, like Gecko) Chrome/89.0.4389.128 Safari/537.36\"\n","level":"info"}
{"message":"::1 - - [19/Apr/2021:10:27:32 +0000] \"OPTIONS /api/staff HTTP/1.1\" 204 0 \"http://localhost:3000/\" \"Mozilla/5.0 (Windows NT 10.0; Win64; x64) AppleWebKit/537.36 (KHTML, like Gecko) Chrome/89.0.4389.128 Safari/537.36\"\n","level":"info"}
{"message":"::1 - - [19/Apr/2021:10:27:32 +0000] \"POST /api/staff HTTP/1.1\" 200 210 \"http://localhost:3000/\" \"Mozilla/5.0 (Windows NT 10.0; Win64; x64) AppleWebKit/537.36 (KHTML, like Gecko) Chrome/89.0.4389.128 Safari/537.36\"\n","level":"info"}
{"message":"::1 - - [19/Apr/2021:10:27:32 +0000] \"GET /api/staff HTTP/1.1\" 200 212 \"http://localhost:3000/\" \"Mozilla/5.0 (Windows NT 10.0; Win64; x64) AppleWebKit/537.36 (KHTML, like Gecko) Chrome/89.0.4389.128 Safari/537.36\"\n","level":"info"}
{"message":"::1 - - [19/Apr/2021:10:27:36 +0000] \"OPTIONS /api/staff/1 HTTP/1.1\" 204 0 \"http://localhost:3000/\" \"Mozilla/5.0 (Windows NT 10.0; Win64; x64) AppleWebKit/537.36 (KHTML, like Gecko) Chrome/89.0.4389.128 Safari/537.36\"\n","level":"info"}
{"message":"::1 - - [19/Apr/2021:10:27:36 +0000] \"PUT /api/staff/1 HTTP/1.1\" 200 45 \"http://localhost:3000/\" \"Mozilla/5.0 (Windows NT 10.0; Win64; x64) AppleWebKit/537.36 (KHTML, like Gecko) Chrome/89.0.4389.128 Safari/537.36\"\n","level":"info"}
{"message":"::1 - - [19/Apr/2021:10:27:36 +0000] \"GET /api/staff HTTP/1.1\" 200 214 \"http://localhost:3000/\" \"Mozilla/5.0 (Windows NT 10.0; Win64; x64) AppleWebKit/537.36 (KHTML, like Gecko) Chrome/89.0.4389.128 Safari/537.36\"\n","level":"info"}
{"message":"::1 - - [19/Apr/2021:10:27:48 +0000] \"OPTIONS /api/staff/1 HTTP/1.1\" 204 0 \"http://localhost:3000/\" \"Mozilla/5.0 (Windows NT 10.0; Win64; x64) AppleWebKit/537.36 (KHTML, like Gecko) Chrome/89.0.4389.128 Safari/537.36\"\n","level":"info"}
{"message":"::1 - - [19/Apr/2021:10:27:48 +0000] \"PUT /api/staff/1 HTTP/1.1\" 200 45 \"http://localhost:3000/\" \"Mozilla/5.0 (Windows NT 10.0; Win64; x64) AppleWebKit/537.36 (KHTML, like Gecko) Chrome/89.0.4389.128 Safari/537.36\"\n","level":"info"}
{"message":"::1 - - [19/Apr/2021:10:27:48 +0000] \"GET /api/staff HTTP/1.1\" 200 216 \"http://localhost:3000/\" \"Mozilla/5.0 (Windows NT 10.0; Win64; x64) AppleWebKit/537.36 (KHTML, like Gecko) Chrome/89.0.4389.128 Safari/537.36\"\n","level":"info"}
{"message":"::1 - - [19/Apr/2021:10:27:57 +0000] \"OPTIONS /api/staff/1 HTTP/1.1\" 204 0 \"http://localhost:3000/\" \"Mozilla/5.0 (Windows NT 10.0; Win64; x64) AppleWebKit/537.36 (KHTML, like Gecko) Chrome/89.0.4389.128 Safari/537.36\"\n","level":"info"}
{"message":"::1 - - [19/Apr/2021:10:27:57 +0000] \"PUT /api/staff/1 HTTP/1.1\" 200 45 \"http://localhost:3000/\" \"Mozilla/5.0 (Windows NT 10.0; Win64; x64) AppleWebKit/537.36 (KHTML, like Gecko) Chrome/89.0.4389.128 Safari/537.36\"\n","level":"info"}
{"message":"::1 - - [19/Apr/2021:10:27:57 +0000] \"GET /api/staff HTTP/1.1\" 200 229 \"http://localhost:3000/\" \"Mozilla/5.0 (Windows NT 10.0; Win64; x64) AppleWebKit/537.36 (KHTML, like Gecko) Chrome/89.0.4389.128 Safari/537.36\"\n","level":"info"}
{"message":"::1 - - [19/Apr/2021:10:33:50 +0000] \"OPTIONS /api/admin/auth HTTP/1.1\" 204 0 \"http://localhost:3000/\" \"Mozilla/5.0 (Windows NT 10.0; Win64; x64) AppleWebKit/537.36 (KHTML, like Gecko) Chrome/89.0.4389.128 Safari/537.36\"\n","level":"info"}
{"message":"::1 - - [19/Apr/2021:10:33:50 +0000] \"POST /api/admin/auth HTTP/1.1\" 200 195 \"http://localhost:3000/\" \"Mozilla/5.0 (Windows NT 10.0; Win64; x64) AppleWebKit/537.36 (KHTML, like Gecko) Chrome/89.0.4389.128 Safari/537.36\"\n","level":"info"}
{"message":"::1 - - [19/Apr/2021:10:42:27 +0000] \"GET /api/carousel HTTP/1.1\" 304 - \"http://localhost:3000/\" \"Mozilla/5.0 (Windows NT 10.0; Win64; x64) AppleWebKit/537.36 (KHTML, like Gecko) Chrome/89.0.4389.128 Safari/537.36\"\n","level":"info"}
{"message":"::1 - - [19/Apr/2021:10:42:28 +0000] \"GET /api/proglang HTTP/1.1\" 304 - \"http://localhost:3000/\" \"Mozilla/5.0 (Windows NT 10.0; Win64; x64) AppleWebKit/537.36 (KHTML, like Gecko) Chrome/89.0.4389.128 Safari/537.36\"\n","level":"info"}
{"message":"::1 - - [19/Apr/2021:10:42:28 +0000] \"GET /api/about HTTP/1.1\" 304 - \"http://localhost:3000/\" \"Mozilla/5.0 (Windows NT 10.0; Win64; x64) AppleWebKit/537.36 (KHTML, like Gecko) Chrome/89.0.4389.128 Safari/537.36\"\n","level":"info"}
{"message":"::1 - - [19/Apr/2021:10:42:31 +0000] \"GET /api/staff HTTP/1.1\" 304 - \"http://localhost:3000/\" \"Mozilla/5.0 (Windows NT 10.0; Win64; x64) AppleWebKit/537.36 (KHTML, like Gecko) Chrome/89.0.4389.128 Safari/537.36\"\n","level":"info"}
{"message":"::1 - - [19/Apr/2021:10:42:35 +0000] \"GET /api/videos HTTP/1.1\" 200 2 \"http://localhost:3000/\" \"Mozilla/5.0 (Windows NT 10.0; Win64; x64) AppleWebKit/537.36 (KHTML, like Gecko) Chrome/89.0.4389.128 Safari/537.36\"\n","level":"info"}
{"message":"::1 - - [19/Apr/2021:10:42:57 +0000] \"OPTIONS /api/videos HTTP/1.1\" 204 0 \"http://localhost:3000/\" \"Mozilla/5.0 (Windows NT 10.0; Win64; x64) AppleWebKit/537.36 (KHTML, like Gecko) Chrome/89.0.4389.128 Safari/537.36\"\n","level":"info"}
{"message":"::1 - - [19/Apr/2021:10:42:57 +0000] \"POST /api/videos HTTP/1.1\" 200 229 \"http://localhost:3000/\" \"Mozilla/5.0 (Windows NT 10.0; Win64; x64) AppleWebKit/537.36 (KHTML, like Gecko) Chrome/89.0.4389.128 Safari/537.36\"\n","level":"info"}
{"message":"::1 - - [19/Apr/2021:10:42:57 +0000] \"GET /api/videos HTTP/1.1\" 200 231 \"http://localhost:3000/\" \"Mozilla/5.0 (Windows NT 10.0; Win64; x64) AppleWebKit/537.36 (KHTML, like Gecko) Chrome/89.0.4389.128 Safari/537.36\"\n","level":"info"}
{"message":"::1 - - [19/Apr/2021:10:43:41 +0000] \"GET /api/videos HTTP/1.1\" 304 - \"http://localhost:3000/\" \"Mozilla/5.0 (Windows NT 10.0; Win64; x64) AppleWebKit/537.36 (KHTML, like Gecko) Chrome/89.0.4389.128 Safari/537.36\"\n","level":"info"}
{"message":"::1 - - [19/Apr/2021:10:47:09 +0000] \"OPTIONS /api/admin/auth HTTP/1.1\" 204 0 \"http://localhost:3000/\" \"Mozilla/5.0 (Windows NT 10.0; Win64; x64) AppleWebKit/537.36 (KHTML, like Gecko) Chrome/89.0.4389.128 Safari/537.36\"\n","level":"info"}
{"message":"::1 - - [19/Apr/2021:10:47:09 +0000] \"POST /api/admin/auth HTTP/1.1\" 200 195 \"http://localhost:3000/\" \"Mozilla/5.0 (Windows NT 10.0; Win64; x64) AppleWebKit/537.36 (KHTML, like Gecko) Chrome/89.0.4389.128 Safari/537.36\"\n","level":"info"}
